<?xml version="1.0" encoding="UTF-8"?>
<testsuite xmlns:xsi="http://www.w3.org/2001/XMLSchema-instance" xsi:noNamespaceSchemaLocation="https://maven.apache.org/surefire/maven-surefire-plugin/xsd/surefire-test-report.xsd" name="TestSuite" time="0.956" tests="11" errors="0" skipped="0" failures="0">
  <properties>
    <property name="sun.desktop" value="windows"/>
    <property name="awt.toolkit" value="sun.awt.windows.WToolkit"/>
    <property name="file.encoding.pkg" value="sun.io"/>
    <property name="java.specification.version" value="1.8"/>
    <property name="sun.cpu.isalist" value="amd64"/>
    <property name="sun.jnu.encoding" value="Cp1252"/>
    <property name="java.class.path" value="F:\Users\JDub\eclipse-workspace\Exercise1Maven\target\test-classes;F:\Users\JDub\eclipse-workspace\Exercise1Maven\target\classes;C:\Users\JDub\.m2\repository\org\mockito\mockito-core\3.1.0\mockito-core-3.1.0.jar;C:\Users\JDub\.m2\repository\net\bytebuddy\byte-buddy\1.9.10\byte-buddy-1.9.10.jar;C:\Users\JDub\.m2\repository\net\bytebuddy\byte-buddy-agent\1.9.10\byte-buddy-agent-1.9.10.jar;C:\Users\JDub\.m2\repository\org\objenesis\objenesis\2.6\objenesis-2.6.jar;C:\Users\JDub\.m2\repository\org\testng\testng\6.10\testng-6.10.jar;C:\Users\JDub\.m2\repository\com\beust\jcommander\1.48\jcommander-1.48.jar;"/>
    <property name="java.vm.vendor" value="AdoptOpenJDK"/>
    <property name="sun.arch.data.model" value="64"/>
    <property name="user.variant" value=""/>
    <property name="java.vendor.url" value="https://adoptopenjdk.net/"/>
    <property name="user.timezone" value="America/New_York"/>
    <property name="java.vm.specification.version" value="1.8"/>
    <property name="os.name" value="Windows 10"/>
    <property name="user.country" value="CA"/>
    <property name="sun.java.launcher" value="SUN_STANDARD"/>
    <property name="sun.boot.library.path" value="C:\Program Files\AdoptOpenJDK\jdk-8.0.292.10-hotspot\jre\bin"/>
    <property name="sun.java.command" value="C:\Users\JDub\AppData\Local\Temp\surefire1829887447638220539\surefirebooter8662687902413499806.jar C:\Users\JDub\AppData\Local\Temp\surefire1829887447638220539 2021-07-16T13-43-55_362-jvmRun1 surefire518840988342058546tmp surefire_0540852735717780759tmp"/>
    <property name="surefire.test.class.path" value="F:\Users\JDub\eclipse-workspace\Exercise1Maven\target\test-classes;F:\Users\JDub\eclipse-workspace\Exercise1Maven\target\classes;C:\Users\JDub\.m2\repository\org\mockito\mockito-core\3.1.0\mockito-core-3.1.0.jar;C:\Users\JDub\.m2\repository\net\bytebuddy\byte-buddy\1.9.10\byte-buddy-1.9.10.jar;C:\Users\JDub\.m2\repository\net\bytebuddy\byte-buddy-agent\1.9.10\byte-buddy-agent-1.9.10.jar;C:\Users\JDub\.m2\repository\org\objenesis\objenesis\2.6\objenesis-2.6.jar;C:\Users\JDub\.m2\repository\org\testng\testng\6.10\testng-6.10.jar;C:\Users\JDub\.m2\repository\com\beust\jcommander\1.48\jcommander-1.48.jar;"/>
    <property name="sun.cpu.endian" value="little"/>
    <property name="user.home" value="C:\Users\JDub"/>
    <property name="user.language" value="en"/>
    <property name="java.specification.vendor" value="Oracle Corporation"/>
    <property name="java.home" value="C:\Program Files\AdoptOpenJDK\jdk-8.0.292.10-hotspot\jre"/>
    <property name="basedir" value="F:\Users\JDub\eclipse-workspace\Exercise1Maven"/>
    <property name="file.separator" value="\"/>
    <property name="line.separator" value="&#10;"/>
    <property name="java.vm.specification.vendor" value="Oracle Corporation"/>
    <property name="java.specification.name" value="Java Platform API Specification"/>
    <property name="java.awt.graphicsenv" value="sun.awt.Win32GraphicsEnvironment"/>
    <property name="surefire.real.class.path" value="C:\Users\JDub\AppData\Local\Temp\surefire1829887447638220539\surefirebooter8662687902413499806.jar"/>
    <property name="sun.boot.class.path" value="C:\Program Files\AdoptOpenJDK\jdk-8.0.292.10-hotspot\jre\lib\resources.jar;C:\Program Files\AdoptOpenJDK\jdk-8.0.292.10-hotspot\jre\lib\rt.jar;C:\Program Files\AdoptOpenJDK\jdk-8.0.292.10-hotspot\jre\lib\sunrsasign.jar;C:\Program Files\AdoptOpenJDK\jdk-8.0.292.10-hotspot\jre\lib\jsse.jar;C:\Program Files\AdoptOpenJDK\jdk-8.0.292.10-hotspot\jre\lib\jce.jar;C:\Program Files\AdoptOpenJDK\jdk-8.0.292.10-hotspot\jre\lib\charsets.jar;C:\Program Files\AdoptOpenJDK\jdk-8.0.292.10-hotspot\jre\lib\jfr.jar;C:\Program Files\AdoptOpenJDK\jdk-8.0.292.10-hotspot\jre\classes"/>
    <property name="user.script" value=""/>
    <property name="sun.management.compiler" value="HotSpot 64-Bit Tiered Compilers"/>
    <property name="java.runtime.version" value="1.8.0_292-b10"/>
    <property name="user.name" value="JDub"/>
    <property name="path.separator" value=";"/>
    <property name="os.version" value="10.0"/>
    <property name="java.endorsed.dirs" value="C:\Program Files\AdoptOpenJDK\jdk-8.0.292.10-hotspot\jre\lib\endorsed"/>
    <property name="java.runtime.name" value="OpenJDK Runtime Environment"/>
    <property name="file.encoding" value="Cp1252"/>
    <property name="java.vm.name" value="OpenJDK 64-Bit Server VM"/>
    <property name="localRepository" value="C:\Users\JDub\.m2\repository"/>
    <property name="java.vendor.url.bug" value="https://github.com/AdoptOpenJDK/openjdk-support/issues"/>
    <property name="java.io.tmpdir" value="C:\Users\JDub\AppData\Local\Temp\"/>
    <property name="java.version" value="1.8.0_292"/>
    <property name="user.dir" value="F:\Users\JDub\eclipse-workspace\Exercise1Maven"/>
    <property name="os.arch" value="amd64"/>
    <property name="java.vm.specification.name" value="Java Virtual Machine Specification"/>
    <property name="java.awt.printerjob" value="sun.awt.windows.WPrinterJob"/>
    <property name="sun.os.patch.level" value=""/>
    <property name="java.library.path" value="C:\Program Files\AdoptOpenJDK\jdk-8.0.292.10-hotspot\jre\bin;C:\WINDOWS\Sun\Java\bin;C:\WINDOWS\system32;C:\WINDOWS;C:\Users\JDub\bin;F:\Program Files\Git\mingw64\bin;F:\Program Files\Git\usr\local\bin;F:\Program Files\Git\usr\bin;F:\Program Files\Git\usr\bin;F:\Program Files\Git\mingw64\bin;F:\Program Files\Git\usr\bin;C:\Users\JDub\bin;C:\Program Files\AdoptOpenJDK\jdk-8.0.292.10-hotspot\bin;C:\Python27;C:\Python27\Scripts;C:\Windows\system32;C:\Windows;C:\Windows\System32\Wbem;C:\Windows\System32\WindowsPowerShell\v1.0;C:\Windows\System32\OpenSSH;C:\Program Files\dotnet;C:\Program Files\Microsoft SQL Server\130\Tools\Binn;F:\Program Files\Git\cmd;C:\Program Files\NVIDIA Corporation\NVIDIA NvDLISR;C:\Program Files (x86)\NVIDIA Corporation\PhysX\Common;C:\ProgramData\chocolatey\bin;C:\WINDOWS\system32;C:\WINDOWS;C:\WINDOWS\System32\Wbem;C:\WINDOWS\System32\WindowsPowerShell\v1.0;C:\WINDOWS\System32\OpenSSH;C:\Program Files (x86)\Intel\Intel(R) Management Engine Components\DAL;C:\Program Files\Intel\Intel(R) Management Engine Components\DAL;C:\WINDOWS\system32;C:\WINDOWS;C:\WINDOWS\System32\Wbem;C:\WINDOWS\System32\WindowsPowerShell\v1.0;C:\WINDOWS\System32\OpenSSH;C:\Maven\bin;F:\Users\JDub\Anaconda3;F:\Users\JDub\Anaconda3\Library\mingw-w64\bin;F:\Users\JDub\Anaconda3\Library\usr\bin;F:\Users\JDub\Anaconda3\Library\bin;F:\Users\JDub\Anaconda3\Scripts;C:\Users\JDub\AppData\Local\Microsoft\WindowsApps;F:\Users\JDub\AppData\Local\Programs\Microsoft VS Code\bin;C:\Users\JDub\.dotnet\tools;F:\Program Files\heroku\bin;F:\Program Files\Git\usr\bin\vendor_perl;F:\Program Files\Git\usr\bin\core_perl;."/>
    <property name="java.vm.info" value="mixed mode"/>
    <property name="java.vendor" value="AdoptOpenJDK"/>
    <property name="java.vm.version" value="25.292-b10"/>
    <property name="java.ext.dirs" value="C:\Program Files\AdoptOpenJDK\jdk-8.0.292.10-hotspot\jre\lib\ext;C:\WINDOWS\Sun\Java\lib\ext"/>
    <property name="sun.io.unicode.encoding" value="UnicodeLittle"/>
    <property name="java.class.version" value="52.0"/>
  </properties>
  <testcase name="csvImportTest" classname="External.Exercise1Maven.FileOperationsTest" time="0.005"/>
  <testcase name="reportSubmissionTest" classname="External.Exercise1Maven.ReturnSubmissionViewTest" time="0.237"/>
  <testcase name="uiGenerationTest" classname="External.Exercise1Maven.ReturnSubmissionViewTest" time="0.015"/>
  <testcase name="t3ReturnTest" classname="External.Exercise1Maven.T3ReturnTest" time="0"/>
  <testcase name="integerValidationTest" classname="External.Exercise1Maven.ValidationsTest" time="0"/>
  <testcase name="positiveIntegerValidationTest" classname="External.Exercise1Maven.ValidationsTest" time="0.001"/>
  <testcase name="stringValidationTest" classname="External.Exercise1Maven.ValidationsTest" time="0"/>
  <testcase name="t3ReturnValidationTest" classname="External.Exercise1Maven.ValidationsTest" time="0"/>
  <testcase name="sampleDataRuntimeTest" classname="External.Exercise1Maven.RuntimeTest" time="0"/>
  <testcase name="sampleDataLargeRuntimeTest" classname="External.Exercise1Maven.RuntimeTest" time="0"/>
  <testcase name="sampleDataHugeRuntimeTest" classname="External.Exercise1Maven.RuntimeTest" time="0.001"/>
</testsuite>