<?xml version="1.0" encoding="UTF-8"?>
<!-- Generated by org.testng.reporters.JUnitReportReporter -->
<testsuite ignored="0" hostname="Keith-PC" failures="0" tests="7" name="External.Exercise1Maven.Tests" time="0.037" errors="0" timestamp="23 Jul. 2021 16:07:22 GMT" skipped="0">
  <testcase classname="External.Exercise1Maven.Tests" name="integerValidationTest" time="0.001"/>
  <testcase classname="External.Exercise1Maven.Tests" name="intentionalFailedTest" time="0.001"/>
  <testcase classname="External.Exercise1Maven.Tests" name="csvImportTest" time="0.029"/>
  <testcase classname="External.Exercise1Maven.Tests" name="positiveIntegerValidationTest" time="0.002"/>
  <testcase classname="External.Exercise1Maven.Tests" name="stringValidationTest" time="0.002"/>
  <testcase classname="External.Exercise1Maven.Tests" name="t3ReturnValidationTest" time="0.001"/>
  <testcase classname="External.Exercise1Maven.Tests" name="t3ReturnTest" time="0.001"/>
</testsuite> <!-- External.Exercise1Maven.Tests -->
