<?xml version="1.0" encoding="UTF-8"?>
<!-- Generated by org.testng.reporters.JUnitReportReporter -->
<testsuite ignored="0" hostname="Keith-PC" failures="0" tests="1" name="External.Exercise1Maven.TimeComplexity" time="0.077" errors="0" timestamp="23 Jul. 2021 16:07:22 GMT" skipped="0">
  <testcase classname="External.Exercise1Maven.TimeComplexity" name="processFiles" time="0.077"/>
</testsuite> <!-- External.Exercise1Maven.TimeComplexity -->
