<?xml version="1.0" encoding="UTF-8"?>
<!-- Generated by org.testng.reporters.JUnitReportReporter -->
<testsuite name="External.Exercise1Maven.RuntimeTest" tests="3" time="0.001" ignored="1" failures="0" timestamp="16 Jul 2021 17:43:56 GMT" skipped="0" hostname="DESKTOP-JFUH5OG" errors="0">
  <testcase name="sampleDataRuntimeTest" time="0.000" classname="External.Exercise1Maven.RuntimeTest"/>
  <testcase name="sampleDataHugeRuntimeTest" time="0.000" classname="External.Exercise1Maven.RuntimeTest"/>
  <testcase name="sampleDataLargeRuntimeTest" time="0.001" classname="External.Exercise1Maven.RuntimeTest"/>
  <testcase name="intentionalFailedTest" classname="External.Exercise1Maven.MainTest">
    <skipped/>
  </testcase> <!-- intentionalFailedTest -->
</testsuite> <!-- External.Exercise1Maven.RuntimeTest -->
