<?xml version="1.0" encoding="UTF-8"?>
<!-- Generated by org.testng.reporters.JUnitReportReporter -->
<testsuite ignored="0" hostname="Keith-PC" failures="0" tests="1" name="External.Exercise1Maven.TimeComplexity" time="0.083" errors="0" timestamp="21 Jul. 2021 17:08:03 GMT" skipped="0">
  <testcase classname="External.Exercise1Maven.TimeComplexity" name="processFiles" time="0.083"/>
</testsuite> <!-- External.Exercise1Maven.TimeComplexity -->
