<?xml version="1.0" encoding="UTF-8"?>
<!-- Generated by org.testng.reporters.JUnitReportReporter -->
<testsuite name="External.Exercise1Maven.T3ReturnTest" tests="1" time="0.000" ignored="1" failures="0" timestamp="16 Jul 2021 17:43:56 GMT" skipped="0" hostname="DESKTOP-JFUH5OG" errors="0">
  <testcase name="t3ReturnTest" time="0.000" classname="External.Exercise1Maven.T3ReturnTest"/>
  <testcase name="intentionalFailedTest" classname="External.Exercise1Maven.MainTest">
    <skipped/>
  </testcase> <!-- intentionalFailedTest -->
</testsuite> <!-- External.Exercise1Maven.T3ReturnTest -->
