<?xml version="1.0" encoding="UTF-8"?>
<!-- Generated by org.testng.reporters.JUnitReportReporter -->
<testsuite name="External.Exercise1Maven.ReturnSubmissionViewTest" tests="2" time="0.252" ignored="1" failures="0" timestamp="16 Jul 2021 17:43:56 GMT" skipped="0" hostname="DESKTOP-JFUH5OG" errors="0">
  <testcase name="reportSubmissionTest" time="0.238" classname="External.Exercise1Maven.ReturnSubmissionViewTest"/>
  <testcase name="uiGenerationTest" time="0.014" classname="External.Exercise1Maven.ReturnSubmissionViewTest"/>
  <testcase name="intentionalFailedTest" classname="External.Exercise1Maven.MainTest">
    <skipped/>
  </testcase> <!-- intentionalFailedTest -->
</testsuite> <!-- External.Exercise1Maven.ReturnSubmissionViewTest -->
